0 info it worked if it ends with ok
1 verbose cli [ 'c:\\Program Files\\nodejs\\node.exe',
1 verbose cli   'c:\\Program Files\\nodejs\\node_modules\\npm\\bin\\npm-cli.js',
1 verbose cli   'start' ]
2 info using npm@1.3.24
3 info using node@v0.10.25
4 verbose run-script [ 'prestart', 'start', 'poststart' ]
5 info prestart express_website@0.0.0
6 info start express_website@0.0.0
7 verbose unsafe-perm in lifecycle true
8 info express_website@0.0.0 Failed to exec start script
9 error express_website@0.0.0 start: `node ./bin/www`
9 error Exit status 8
10 error Failed at the express_website@0.0.0 start script.
10 error This is most likely a problem with the express_website package,
10 error not with npm itself.
10 error Tell the author that this fails on your system:
10 error     node ./bin/www
10 error You can get their info via:
10 error     npm owner ls express_website
10 error There is likely additional logging output above.
11 error System Windows_NT 6.2.9200
12 error command "c:\\Program Files\\nodejs\\node.exe" "c:\\Program Files\\nodejs\\node_modules\\npm\\bin\\npm-cli.js" "start"
13 error cwd c:\Users\Honeycane Login\Desktop\NodeCode\NodeBasicExpressWebsite\express_website
14 error node -v v0.10.25
15 error npm -v 1.3.24
16 error code ELIFECYCLE
17 verbose exit [ 1, true ]
